[debug] [2022-05-27T18:26:51.214Z] ----------------------------------------------------------------------
[debug] [2022-05-27T18:26:51.216Z] Command:       C:\Program Files\nodejs\node.exe C:\Users\Miguel Esquivel\AppData\Roaming\npm\node_modules\firebase-tools\lib\bin\firebase.js init
[debug] [2022-05-27T18:26:51.217Z] CLI Version:   11.0.1
[debug] [2022-05-27T18:26:51.217Z] Platform:      win32
[debug] [2022-05-27T18:26:51.217Z] Node Version:  v14.18.0
[debug] [2022-05-27T18:26:51.218Z] Time:          Fri May 27 2022 13:26:51 GMT-0500 (hora de verano central)
[debug] [2022-05-27T18:26:51.218Z] ----------------------------------------------------------------------
[debug] 
[debug] [2022-05-27T18:26:51.227Z] > command requires scopes: ["email","openid","https://www.googleapis.com/auth/cloudplatformprojects.readonly","https://www.googleapis.com/auth/firebase","https://www.googleapis.com/auth/cloud-platform"]
[debug] [2022-05-27T18:26:51.227Z] > authorizing via signed-in user (mangel210100@gmail.com)
[info] 
     ######## #### ########  ######## ########     ###     ######  ########
     ##        ##  ##     ## ##       ##     ##  ##   ##  ##       ##
     ######    ##  ########  ######   ########  #########  ######  ######
     ##        ##  ##    ##  ##       ##     ## ##     ##       ## ##
     ##       #### ##     ## ######## ########  ##     ##  ######  ########

You're about to initialize a Firebase project in this directory:

  C:\MAMP\htdocs\storeline

Before we get started, keep in mind:

  * You are currently outside your home directory

[info] 
=== Project Setup
[info] 
[info] First, let's associate this project directory with a Firebase project.
[info] You can create multiple project aliases by running firebase use --add, 
[info] but for now we'll just set up a default project.
[info] 
[info] i  If you want to create a project in a Google Cloud organization or folder, please use "firebase projects:create" instead, and return to this command when you've created the project. 
